[debug] [2023-04-29T13:32:56.165Z] ----------------------------------------------------------------------
[debug] [2023-04-29T13:32:56.172Z] Command:       C:\Program Files\nodejs\node.exe C:\Users\ranaa\AppData\Roaming\npm\node_modules\firebase-tools\lib\bin\firebase.js login
[debug] [2023-04-29T13:32:56.174Z] CLI Version:   11.28.0
[debug] [2023-04-29T13:32:56.175Z] Platform:      win32
[debug] [2023-04-29T13:32:56.176Z] Node Version:  v16.15.1
[debug] [2023-04-29T13:32:56.181Z] Time:          Sat Apr 29 2023 19:02:56 GMT+0530 (India Standard Time)
[debug] [2023-04-29T13:32:56.183Z] ----------------------------------------------------------------------
[debug] 
[debug] [2023-04-29T13:32:56.204Z] >>> [apiv2][query] GET https://firebase-public.firebaseio.com/cli.json [none]
[info] Already logged in as adityaoff79@gmail.com
[debug] [2023-04-29T13:33:06.403Z] Error: Timed out.
    at Timeout._onTimeout (C:\Users\ranaa\AppData\Roaming\npm\node_modules\firebase-tools\lib\utils.js:253:49)
    at listOnTimeout (node:internal/timers:559:17)
    at processTimers (node:internal/timers:502:7)
[error] 
[error] Error: An unexpected error has occurred.
[debug] [2023-04-29T13:33:16.354Z] ----------------------------------------------------------------------
[debug] [2023-04-29T13:33:16.357Z] Command:       C:\Program Files\nodejs\node.exe C:\Users\ranaa\AppData\Roaming\npm\node_modules\firebase-tools\lib\bin\firebase.js login
[debug] [2023-04-29T13:33:16.358Z] CLI Version:   11.28.0
[debug] [2023-04-29T13:33:16.358Z] Platform:      win32
[debug] [2023-04-29T13:33:16.358Z] Node Version:  v16.15.1
[debug] [2023-04-29T13:33:16.359Z] Time:          Sat Apr 29 2023 19:03:16 GMT+0530 (India Standard Time)
[debug] [2023-04-29T13:33:16.359Z] ----------------------------------------------------------------------
[debug] 
[debug] [2023-04-29T13:33:16.363Z] >>> [apiv2][query] GET https://firebase-public.firebaseio.com/cli.json [none]
[info] Already logged in as adityaoff79@gmail.com
[debug] [2023-04-29T13:33:26.417Z] Error: Timed out.
    at Timeout._onTimeout (C:\Users\ranaa\AppData\Roaming\npm\node_modules\firebase-tools\lib\utils.js:253:49)
    at listOnTimeout (node:internal/timers:559:17)
    at processTimers (node:internal/timers:502:7)
[error] 
[error] Error: An unexpected error has occurred.
